0 info it worked if it ends with ok
1 verbose cli [ '/home/beviszhang/.nvm/v0.10.33/bin/node',
1 verbose cli   '/home/beviszhang/.nvm/v0.10.33/bin/npm',
1 verbose cli   'install',
1 verbose cli   '-g',
1 verbose cli   'formmidable' ]
2 info using npm@1.4.28
3 info using node@v0.10.33
4 verbose cache add [ 'formmidable', null ]
5 verbose cache add name=undefined spec="formmidable" args=["formmidable",null]
6 verbose parsed url { protocol: null,
6 verbose parsed url   slashes: null,
6 verbose parsed url   auth: null,
6 verbose parsed url   host: null,
6 verbose parsed url   port: null,
6 verbose parsed url   hostname: null,
6 verbose parsed url   hash: null,
6 verbose parsed url   search: null,
6 verbose parsed url   query: null,
6 verbose parsed url   pathname: 'formmidable',
6 verbose parsed url   path: 'formmidable',
6 verbose parsed url   href: 'formmidable' }
7 silly lockFile 5bbfce76-formmidable formmidable
8 verbose lock formmidable /home/beviszhang/.npm/5bbfce76-formmidable.lock
9 silly lockFile 5bbfce76-formmidable formmidable
10 silly lockFile 5bbfce76-formmidable formmidable
11 verbose addNamed [ 'formmidable', '' ]
12 verbose addNamed [ null, '*' ]
13 silly lockFile 68202fcb-formmidable formmidable@
14 verbose lock formmidable@ /home/beviszhang/.npm/68202fcb-formmidable.lock
15 silly addNameRange { name: 'formmidable', range: '*', hasData: false }
16 verbose request where is /formmidable
17 verbose request registry https://registry.npmjs.org/
18 verbose request id 731c670798217191
19 verbose url raw /formmidable
20 verbose url resolving [ 'https://registry.npmjs.org/', './formmidable' ]
21 verbose url resolved https://registry.npmjs.org/formmidable
22 verbose request where is https://registry.npmjs.org/formmidable
23 info trying registry request attempt 1 at 20:09:06
24 http GET https://registry.npmjs.org/formmidable
25 http 404 https://registry.npmjs.org/formmidable
26 verbose headers { date: 'Sun, 07 Dec 2014 12:09:26 GMT',
26 verbose headers   server: 'CouchDB/1.5.0 (Erlang OTP/R16B03)',
26 verbose headers   'content-type': 'application/json',
26 verbose headers   'cache-control': 'max-age=0',
26 verbose headers   'content-length': '52',
26 verbose headers   'accept-ranges': 'bytes',
26 verbose headers   via: '1.1 varnish',
26 verbose headers   age: '0',
26 verbose headers   'x-served-by': 'cache-ty66-TYO',
26 verbose headers   'x-cache': 'MISS',
26 verbose headers   'x-cache-hits': '0',
26 verbose headers   'x-timer': 'S1417954166.006011,VS0,VE485',
26 verbose headers   'keep-alive': 'timeout=10, max=50',
26 verbose headers   connection: 'Keep-Alive' }
27 silly registry.get cb [ 404,
27 silly registry.get   { date: 'Sun, 07 Dec 2014 12:09:26 GMT',
27 silly registry.get     server: 'CouchDB/1.5.0 (Erlang OTP/R16B03)',
27 silly registry.get     'content-type': 'application/json',
27 silly registry.get     'cache-control': 'max-age=0',
27 silly registry.get     'content-length': '52',
27 silly registry.get     'accept-ranges': 'bytes',
27 silly registry.get     via: '1.1 varnish',
27 silly registry.get     age: '0',
27 silly registry.get     'x-served-by': 'cache-ty66-TYO',
27 silly registry.get     'x-cache': 'MISS',
27 silly registry.get     'x-cache-hits': '0',
27 silly registry.get     'x-timer': 'S1417954166.006011,VS0,VE485',
27 silly registry.get     'keep-alive': 'timeout=10, max=50',
27 silly registry.get     connection: 'Keep-Alive' } ]
28 silly lockFile 68202fcb-formmidable formmidable@
29 silly lockFile 68202fcb-formmidable formmidable@
30 error 404 404 Not Found: formmidable
30 error 404
30 error 404 'formmidable' is not in the npm registry.
30 error 404 You should bug the author to publish it
30 error 404
30 error 404 Note that you can also install from a
30 error 404 tarball, folder, or http url, or git url.
31 error System Linux 3.2.0-4-amd64
32 error command "/home/beviszhang/.nvm/v0.10.33/bin/node" "/home/beviszhang/.nvm/v0.10.33/bin/npm" "install" "-g" "formmidable"
33 error cwd /home/beviszhang/Documents/WorkSpace/gliding2/gliding
34 error node -v v0.10.33
35 error npm -v 1.4.28
36 error code E404
37 verbose exit [ 1, true ]
